[ 2016-12-30T16:22:53+08:00 ] 127.0.0.1 /
INFO: [ app_init ] --START--
INFO: Run Behavior\BuildLiteBehavior [ RunTime:0.000000s ]
INFO: [ app_init ] --END-- [ RunTime:0.000000s ]
NOTIC: [8] Undefined variable: lang_sel C:\wamp\www\cms2\Application\Home\Conf\config.php 第 25 行.
NOTIC: [8] Undefined variable: lang_sel C:\wamp\www\cms2\Application\Home\Conf\config.php 第 26 行.
NOTIC: [8] Undefined variable: lang_sel C:\wamp\www\cms2\Application\Home\Conf\config.php 第 27 行.
NOTIC: [8] Undefined variable: lang_sel C:\wamp\www\cms2\Application\Home\Conf\config.php 第 28 行.
INFO: [ app_begin ] --START--
INFO: Run Behavior\ReadHtmlCacheBehavior [ RunTime:0.000000s ]
INFO: Run Behavior\CheckLangBehavior [ RunTime:0.001000s ]
INFO: [ app_begin ] --END-- [ RunTime:0.001000s ]
NOTIC: [8] Use of undefined constant LANG_SET - assumed 'LANG_SET' C:\wamp\www\cms2\Application\Home\Controller\CommonController.class.php 第 15 行.
NOTIC: [8] Undefined index: commonAccount C:\wamp\www\cms2\Application\Home\Controller\CommonController.class.php 第 22 行.
NOTIC: [8] Undefined index: agentCount C:\wamp\www\cms2\Application\Home\Controller\CommonController.class.php 第 23 行.
SQL: SHOW COLUMNS FROM `sucai_category` [ RunTime:0.0020s ]
SQL: SELECT * FROM `sucai_category` WHERE ( isCase = 2 )  [ RunTime:0.0000s ]
SQL: SHOW COLUMNS FROM `sucai_news` [ RunTime:0.0020s ]
SQL: SELECT * FROM `sucai_news` ORDER BY id desc LIMIT 5   [ RunTime:0.0000s ]
SQL: SHOW COLUMNS FROM `sucai_case` [ RunTime:0.0020s ]
SQL: SHOW COLUMNS FROM `sucai_case` [ RunTime:0.0030s ]
SQL: SELECT cas.id,cas.title,cas.describe,cas.img,cas.createTime,cat.categoryname FROM sucai_case cas,sucai_category cat WHERE ( cat.id = cas.categoryid ) ORDER BY id desc LIMIT 3   [ RunTime:0.0010s ]
INFO: [ view_parse ] --START--
INFO: [ template_filter ] --START--
INFO: Run Behavior\ContentReplaceBehavior [ RunTime:0.000000s ]
INFO: [ template_filter ] --END-- [ RunTime:0.000000s ]
NOTIC: [8] Undefined index: titlr C:\wamp\www\cms2\Application\Runtime\Cache\Home\2a94b8bda04ff446dcedd42276fc99ee.php 第 129 行.
NOTIC: [8] Undefined index: titlr C:\wamp\www\cms2\Application\Runtime\Cache\Home\2a94b8bda04ff446dcedd42276fc99ee.php 第 129 行.
INFO: Run Behavior\ParseTemplateBehavior [ RunTime:0.012001s ]
INFO: [ view_parse ] --END-- [ RunTime:0.012001s ]
INFO: [ view_filter ] --START--
INFO: Run Behavior\WriteHtmlCacheBehavior [ RunTime:0.000000s ]
INFO: [ view_filter ] --END-- [ RunTime:0.001000s ]
INFO: [ app_end ] --START--
INFO: Run Behavior\ShowPageTraceBehavior [ RunTime:0.001000s ]
INFO: [ app_end ] --END-- [ RunTime:0.001000s ]

[ 2016-12-30T16:22:53+08:00 ] 127.0.0.1 /images/logo_mini.png
INFO: [ app_init ] --START--
INFO: Run Behavior\BuildLiteBehavior [ RunTime:0.000000s ]
INFO: [ app_init ] --END-- [ RunTime:0.001000s ]
NOTIC: [8] Undefined variable: lang_sel C:\wamp\www\cms2\Application\Home\Conf\config.php 第 25 行.
NOTIC: [8] Undefined variable: lang_sel C:\wamp\www\cms2\Application\Home\Conf\config.php 第 26 行.
NOTIC: [8] Undefined variable: lang_sel C:\wamp\www\cms2\Application\Home\Conf\config.php 第 27 行.
NOTIC: [8] Undefined variable: lang_sel C:\wamp\www\cms2\Application\Home\Conf\config.php 第 28 行.

[ 2016-12-30T16:26:38+08:00 ] 127.0.0.1 /
INFO: [ app_init ] --START--
INFO: Run Behavior\BuildLiteBehavior [ RunTime:0.000000s ]
INFO: [ app_init ] --END-- [ RunTime:0.001000s ]
NOTIC: [8] Undefined variable: lang_sel C:\wamp\www\cms2\Application\Home\Conf\config.php 第 25 行.
NOTIC: [8] Undefined variable: lang_sel C:\wamp\www\cms2\Application\Home\Conf\config.php 第 26 行.
NOTIC: [8] Undefined variable: lang_sel C:\wamp\www\cms2\Application\Home\Conf\config.php 第 27 行.
NOTIC: [8] Undefined variable: lang_sel C:\wamp\www\cms2\Application\Home\Conf\config.php 第 28 行.
INFO: [ app_begin ] --START--
INFO: Run Behavior\ReadHtmlCacheBehavior [ RunTime:0.001000s ]
INFO: Run Behavior\CheckLangBehavior [ RunTime:0.000000s ]
INFO: [ app_begin ] --END-- [ RunTime:0.002000s ]
NOTIC: [8] Use of undefined constant LANG_SET - assumed 'LANG_SET' C:\wamp\www\cms2\Application\Home\Controller\CommonController.class.php 第 15 行.
NOTIC: [8] Undefined index: commonAccount C:\wamp\www\cms2\Application\Home\Controller\CommonController.class.php 第 22 行.
NOTIC: [8] Undefined index: agentCount C:\wamp\www\cms2\Application\Home\Controller\CommonController.class.php 第 23 行.
SQL: SHOW COLUMNS FROM `sucai_category` [ RunTime:0.0020s ]
SQL: SELECT * FROM `sucai_category` WHERE ( isCase = 2 )  [ RunTime:0.0000s ]
SQL: SHOW COLUMNS FROM `sucai_news` [ RunTime:0.0030s ]
SQL: SELECT * FROM `sucai_news` ORDER BY id desc LIMIT 5   [ RunTime:0.0000s ]
SQL: SHOW COLUMNS FROM `sucai_case` [ RunTime:0.0020s ]
SQL: SHOW COLUMNS FROM `sucai_case` [ RunTime:0.0020s ]
SQL: SELECT cas.id,cas.title,cas.describe,cas.img,cas.createTime,cat.categoryname FROM sucai_case cas,sucai_category cat WHERE ( cat.id = cas.categoryid ) ORDER BY id desc LIMIT 3   [ RunTime:0.0010s ]
INFO: [ view_parse ] --START--
INFO: [ template_filter ] --START--
INFO: Run Behavior\ContentReplaceBehavior [ RunTime:0.000000s ]
INFO: [ template_filter ] --END-- [ RunTime:0.000000s ]
NOTIC: [8] Undefined index: titlr C:\wamp\www\cms2\Application\Runtime\Cache\Home\2a94b8bda04ff446dcedd42276fc99ee.php 第 129 行.
NOTIC: [8] Undefined index: titlr C:\wamp\www\cms2\Application\Runtime\Cache\Home\2a94b8bda04ff446dcedd42276fc99ee.php 第 129 行.
INFO: Run Behavior\ParseTemplateBehavior [ RunTime:0.013001s ]
INFO: [ view_parse ] --END-- [ RunTime:0.013001s ]
INFO: [ view_filter ] --START--
INFO: Run Behavior\WriteHtmlCacheBehavior [ RunTime:0.000000s ]
INFO: [ view_filter ] --END-- [ RunTime:0.000000s ]
INFO: [ app_end ] --START--
INFO: Run Behavior\ShowPageTraceBehavior [ RunTime:0.000000s ]
INFO: [ app_end ] --END-- [ RunTime:0.001000s ]

[ 2016-12-30T16:26:38+08:00 ] 127.0.0.1 /images/logo_mini.png
INFO: [ app_init ] --START--
INFO: Run Behavior\BuildLiteBehavior [ RunTime:0.000000s ]
INFO: [ app_init ] --END-- [ RunTime:0.001001s ]
NOTIC: [8] Undefined variable: lang_sel C:\wamp\www\cms2\Application\Home\Conf\config.php 第 25 行.
NOTIC: [8] Undefined variable: lang_sel C:\wamp\www\cms2\Application\Home\Conf\config.php 第 26 行.
NOTIC: [8] Undefined variable: lang_sel C:\wamp\www\cms2\Application\Home\Conf\config.php 第 27 行.
NOTIC: [8] Undefined variable: lang_sel C:\wamp\www\cms2\Application\Home\Conf\config.php 第 28 行.

[ 2016-12-30T16:26:43+08:00 ] 127.0.0.1 /
INFO: [ app_init ] --START--
INFO: Run Behavior\BuildLiteBehavior [ RunTime:0.000000s ]
INFO: [ app_init ] --END-- [ RunTime:0.001000s ]
NOTIC: [8] Undefined variable: lang_sel C:\wamp\www\cms2\Application\Home\Conf\config.php 第 25 行.
NOTIC: [8] Undefined variable: lang_sel C:\wamp\www\cms2\Application\Home\Conf\config.php 第 26 行.
NOTIC: [8] Undefined variable: lang_sel C:\wamp\www\cms2\Application\Home\Conf\config.php 第 27 行.
NOTIC: [8] Undefined variable: lang_sel C:\wamp\www\cms2\Application\Home\Conf\config.php 第 28 行.
INFO: [ app_begin ] --START--
INFO: Run Behavior\ReadHtmlCacheBehavior [ RunTime:0.000000s ]
INFO: Run Behavior\CheckLangBehavior [ RunTime:0.001000s ]
INFO: [ app_begin ] --END-- [ RunTime:0.002000s ]
NOTIC: [8] Use of undefined constant LANG_SET - assumed 'LANG_SET' C:\wamp\www\cms2\Application\Home\Controller\CommonController.class.php 第 15 行.
NOTIC: [8] Undefined index: commonAccount C:\wamp\www\cms2\Application\Home\Controller\CommonController.class.php 第 22 行.
NOTIC: [8] Undefined index: agentCount C:\wamp\www\cms2\Application\Home\Controller\CommonController.class.php 第 23 行.
SQL: SHOW COLUMNS FROM `sucai_category` [ RunTime:0.0020s ]
SQL: SELECT * FROM `sucai_category` WHERE ( isCase = 2 )  [ RunTime:0.0000s ]
SQL: SHOW COLUMNS FROM `sucai_news` [ RunTime:0.0010s ]
SQL: SELECT * FROM `sucai_news` ORDER BY id desc LIMIT 5   [ RunTime:0.0000s ]
SQL: SHOW COLUMNS FROM `sucai_case` [ RunTime:0.0020s ]
SQL: SHOW COLUMNS FROM `sucai_case` [ RunTime:0.0020s ]
SQL: SELECT cas.id,cas.title,cas.describe,cas.img,cas.createTime,cat.categoryname FROM sucai_case cas,sucai_category cat WHERE ( cat.id = cas.categoryid ) ORDER BY id desc LIMIT 3   [ RunTime:0.0000s ]
INFO: [ view_parse ] --START--
INFO: [ template_filter ] --START--
INFO: Run Behavior\ContentReplaceBehavior [ RunTime:0.000000s ]
INFO: [ template_filter ] --END-- [ RunTime:0.000000s ]
NOTIC: [8] Undefined index: titlr C:\wamp\www\cms2\Application\Runtime\Cache\Home\2a94b8bda04ff446dcedd42276fc99ee.php 第 129 行.
NOTIC: [8] Undefined index: titlr C:\wamp\www\cms2\Application\Runtime\Cache\Home\2a94b8bda04ff446dcedd42276fc99ee.php 第 129 行.
INFO: Run Behavior\ParseTemplateBehavior [ RunTime:0.012001s ]
INFO: [ view_parse ] --END-- [ RunTime:0.012001s ]
INFO: [ view_filter ] --START--
INFO: Run Behavior\WriteHtmlCacheBehavior [ RunTime:0.001000s ]
INFO: [ view_filter ] --END-- [ RunTime:0.001000s ]
INFO: [ app_end ] --START--
INFO: Run Behavior\ShowPageTraceBehavior [ RunTime:0.001000s ]
INFO: [ app_end ] --END-- [ RunTime:0.001000s ]

[ 2016-12-30T16:26:43+08:00 ] 127.0.0.1 /images/logo_mini.png
INFO: [ app_init ] --START--
INFO: Run Behavior\BuildLiteBehavior [ RunTime:0.000000s ]
INFO: [ app_init ] --END-- [ RunTime:0.000000s ]
NOTIC: [8] Undefined variable: lang_sel C:\wamp\www\cms2\Application\Home\Conf\config.php 第 25 行.
NOTIC: [8] Undefined variable: lang_sel C:\wamp\www\cms2\Application\Home\Conf\config.php 第 26 行.
NOTIC: [8] Undefined variable: lang_sel C:\wamp\www\cms2\Application\Home\Conf\config.php 第 27 行.
NOTIC: [8] Undefined variable: lang_sel C:\wamp\www\cms2\Application\Home\Conf\config.php 第 28 行.

[ 2016-12-30T16:26:48+08:00 ] 127.0.0.1 /
INFO: [ app_init ] --START--
INFO: Run Behavior\BuildLiteBehavior [ RunTime:0.000000s ]
INFO: [ app_init ] --END-- [ RunTime:0.000000s ]
NOTIC: [8] Undefined variable: lang_sel C:\wamp\www\cms2\Application\Home\Conf\config.php 第 25 行.
NOTIC: [8] Undefined variable: lang_sel C:\wamp\www\cms2\Application\Home\Conf\config.php 第 26 行.
NOTIC: [8] Undefined variable: lang_sel C:\wamp\www\cms2\Application\Home\Conf\config.php 第 27 行.
NOTIC: [8] Undefined variable: lang_sel C:\wamp\www\cms2\Application\Home\Conf\config.php 第 28 行.
INFO: [ app_begin ] --START--
INFO: Run Behavior\ReadHtmlCacheBehavior [ RunTime:0.000000s ]
INFO: Run Behavior\CheckLangBehavior [ RunTime:0.000000s ]
INFO: [ app_begin ] --END-- [ RunTime:0.001000s ]
NOTIC: [8] Use of undefined constant LANG_SET - assumed 'LANG_SET' C:\wamp\www\cms2\Application\Home\Controller\CommonController.class.php 第 15 行.
NOTIC: [8] Undefined index: commonAccount C:\wamp\www\cms2\Application\Home\Controller\CommonController.class.php 第 22 行.
NOTIC: [8] Undefined index: agentCount C:\wamp\www\cms2\Application\Home\Controller\CommonController.class.php 第 23 行.
SQL: SHOW COLUMNS FROM `sucai_category` [ RunTime:0.0020s ]
SQL: SELECT * FROM `sucai_category` WHERE ( isCase = 2 )  [ RunTime:0.0000s ]
SQL: SHOW COLUMNS FROM `sucai_news` [ RunTime:0.0020s ]
SQL: SELECT * FROM `sucai_news` ORDER BY id desc LIMIT 5   [ RunTime:0.0000s ]
SQL: SHOW COLUMNS FROM `sucai_case` [ RunTime:0.0020s ]
SQL: SHOW COLUMNS FROM `sucai_case` [ RunTime:0.0020s ]
SQL: SELECT cas.id,cas.title,cas.describe,cas.img,cas.createTime,cat.categoryname FROM sucai_case cas,sucai_category cat WHERE ( cat.id = cas.categoryid ) ORDER BY id desc LIMIT 3   [ RunTime:0.0000s ]
INFO: [ view_parse ] --START--
INFO: [ template_filter ] --START--
INFO: Run Behavior\ContentReplaceBehavior [ RunTime:0.001000s ]
INFO: [ template_filter ] --END-- [ RunTime:0.001000s ]
NOTIC: [8] Undefined index: titlr C:\wamp\www\cms2\Application\Runtime\Cache\Home\2a94b8bda04ff446dcedd42276fc99ee.php 第 129 行.
NOTIC: [8] Undefined index: titlr C:\wamp\www\cms2\Application\Runtime\Cache\Home\2a94b8bda04ff446dcedd42276fc99ee.php 第 129 行.
INFO: Run Behavior\ParseTemplateBehavior [ RunTime:0.012001s ]
INFO: [ view_parse ] --END-- [ RunTime:0.012001s ]
INFO: [ view_filter ] --START--
INFO: Run Behavior\WriteHtmlCacheBehavior [ RunTime:0.001000s ]
INFO: [ view_filter ] --END-- [ RunTime:0.001000s ]
INFO: [ app_end ] --START--
INFO: Run Behavior\ShowPageTraceBehavior [ RunTime:0.000000s ]
INFO: [ app_end ] --END-- [ RunTime:0.000000s ]

[ 2016-12-30T16:26:48+08:00 ] 127.0.0.1 /images/logo_mini.png
INFO: [ app_init ] --START--
INFO: Run Behavior\BuildLiteBehavior [ RunTime:0.000000s ]
INFO: [ app_init ] --END-- [ RunTime:0.001000s ]
NOTIC: [8] Undefined variable: lang_sel C:\wamp\www\cms2\Application\Home\Conf\config.php 第 25 行.
NOTIC: [8] Undefined variable: lang_sel C:\wamp\www\cms2\Application\Home\Conf\config.php 第 26 行.
NOTIC: [8] Undefined variable: lang_sel C:\wamp\www\cms2\Application\Home\Conf\config.php 第 27 行.
NOTIC: [8] Undefined variable: lang_sel C:\wamp\www\cms2\Application\Home\Conf\config.php 第 28 行.

