[ 2016-05-17T13:36:12+08:00 ] 127.0.0.1 /Admin/Login/login?user=admin&passwd=admin
INFO: [ app_begin ] --START--
INFO: Run Behavior\ReadHtmlCacheBehavior [ RunTime:0.000000s ]
INFO: Run Behavior\CheckLangBehavior [ RunTime:0.000000s ]
INFO: [ app_begin ] --END-- [ RunTime:0.002001s ]
NOTIC: [8] Use of undefined constant LANG_SET - assumed 'LANG_SET' E:\wamp\www\cms\Application\Admin\Controller\CommonController.class.php 第 13 行.
SQL: SHOW COLUMNS FROM `sucai_admin` [ RunTime:0.0160s ]
SQL: SELECT * FROM `sucai_admin` WHERE `user` = 'admin' AND `passwd` = '0d7aaae371d622793246c719c55f1f7f' LIMIT 1   [ RunTime:0.0100s ]
INFO: [ app_end ] --START--
INFO: Run Behavior\ShowPageTraceBehavior [ RunTime:0.000000s ]
INFO: [ app_end ] --END-- [ RunTime:0.000000s ]

[ 2016-05-17T13:36:32+08:00 ] 127.0.0.1 /Admin/Ajax/changeRecords?records=10
INFO: [ app_begin ] --START--
INFO: Run Behavior\ReadHtmlCacheBehavior [ RunTime:0.000000s ]
INFO: Run Behavior\CheckLangBehavior [ RunTime:0.001000s ]
INFO: [ app_begin ] --END-- [ RunTime:0.002000s ]
INFO: [ app_end ] --START--
INFO: Run Behavior\ShowPageTraceBehavior [ RunTime:0.001000s ]
INFO: [ app_end ] --END-- [ RunTime:0.001000s ]

[ 2016-05-17T13:42:27+08:00 ] 127.0.0.1 /Admin/Ajax/changeRecords?records=10
INFO: [ app_begin ] --START--
INFO: Run Behavior\ReadHtmlCacheBehavior [ RunTime:0.000000s ]
INFO: Run Behavior\CheckLangBehavior [ RunTime:0.001000s ]
INFO: [ app_begin ] --END-- [ RunTime:0.001000s ]
INFO: [ app_end ] --START--
INFO: Run Behavior\ShowPageTraceBehavior [ RunTime:0.000000s ]
INFO: [ app_end ] --END-- [ RunTime:0.001000s ]

[ 2016-05-17T14:08:19+08:00 ] 127.0.0.1 /Admin/Ajax/changeRecords?records=10
INFO: [ app_begin ] --START--
INFO: Run Behavior\ReadHtmlCacheBehavior [ RunTime:0.000000s ]
INFO: Run Behavior\CheckLangBehavior [ RunTime:0.000000s ]
INFO: [ app_begin ] --END-- [ RunTime:0.001000s ]
INFO: [ app_end ] --START--
INFO: Run Behavior\ShowPageTraceBehavior [ RunTime:0.001000s ]
INFO: [ app_end ] --END-- [ RunTime:0.001000s ]

[ 2016-05-17T14:09:00+08:00 ] 127.0.0.1 /Admin/Ajax/changeRecords?records=10
INFO: [ app_begin ] --START--
INFO: Run Behavior\ReadHtmlCacheBehavior [ RunTime:0.001000s ]
INFO: Run Behavior\CheckLangBehavior [ RunTime:0.000000s ]
INFO: [ app_begin ] --END-- [ RunTime:0.001000s ]
INFO: [ app_end ] --START--
INFO: Run Behavior\ShowPageTraceBehavior [ RunTime:0.000000s ]
INFO: [ app_end ] --END-- [ RunTime:0.000000s ]

[ 2016-05-17T14:09:02+08:00 ] 127.0.0.1 /Admin/Ajax/changeRecords?records=10
INFO: [ app_begin ] --START--
INFO: Run Behavior\ReadHtmlCacheBehavior [ RunTime:0.001000s ]
INFO: Run Behavior\CheckLangBehavior [ RunTime:0.000000s ]
INFO: [ app_begin ] --END-- [ RunTime:0.001000s ]
INFO: [ app_end ] --START--
INFO: Run Behavior\ShowPageTraceBehavior [ RunTime:0.001000s ]
INFO: [ app_end ] --END-- [ RunTime:0.001000s ]

[ 2016-05-17T14:09:04+08:00 ] 127.0.0.1 /Admin/Ajax/changeRecords?records=10
INFO: [ app_begin ] --START--
INFO: Run Behavior\ReadHtmlCacheBehavior [ RunTime:0.000000s ]
INFO: Run Behavior\CheckLangBehavior [ RunTime:0.001000s ]
INFO: [ app_begin ] --END-- [ RunTime:0.002000s ]
INFO: [ app_end ] --START--
INFO: Run Behavior\ShowPageTraceBehavior [ RunTime:0.000000s ]
INFO: [ app_end ] --END-- [ RunTime:0.001000s ]

[ 2016-05-17T14:09:09+08:00 ] 127.0.0.1 /Admin/Ajax/changeRecords?records=10
INFO: [ app_begin ] --START--
INFO: Run Behavior\ReadHtmlCacheBehavior [ RunTime:0.001000s ]
INFO: Run Behavior\CheckLangBehavior [ RunTime:0.000000s ]
INFO: [ app_begin ] --END-- [ RunTime:0.002000s ]
INFO: [ app_end ] --START--
INFO: Run Behavior\ShowPageTraceBehavior [ RunTime:0.001000s ]
INFO: [ app_end ] --END-- [ RunTime:0.001000s ]

[ 2016-05-17T14:09:22+08:00 ] 127.0.0.1 /Admin/Ajax/changeRecords?records=10
INFO: [ app_begin ] --START--
INFO: Run Behavior\ReadHtmlCacheBehavior [ RunTime:0.000000s ]
INFO: Run Behavior\CheckLangBehavior [ RunTime:0.000000s ]
INFO: [ app_begin ] --END-- [ RunTime:0.002001s ]
INFO: [ app_end ] --START--
INFO: Run Behavior\ShowPageTraceBehavior [ RunTime:0.000000s ]
INFO: [ app_end ] --END-- [ RunTime:0.000000s ]

[ 2016-05-17T14:09:25+08:00 ] 127.0.0.1 /Admin/Ajax/changeRecords?records=10
INFO: [ app_begin ] --START--
INFO: Run Behavior\ReadHtmlCacheBehavior [ RunTime:0.001000s ]
INFO: Run Behavior\CheckLangBehavior [ RunTime:0.000000s ]
INFO: [ app_begin ] --END-- [ RunTime:0.001000s ]
INFO: [ app_end ] --START--
INFO: Run Behavior\ShowPageTraceBehavior [ RunTime:0.006000s ]
INFO: [ app_end ] --END-- [ RunTime:0.007000s ]

[ 2016-05-17T14:09:27+08:00 ] 127.0.0.1 /Admin/Ajax/changeRecords?records=10
INFO: [ app_begin ] --START--
INFO: Run Behavior\ReadHtmlCacheBehavior [ RunTime:0.001000s ]
INFO: Run Behavior\CheckLangBehavior [ RunTime:0.000000s ]
INFO: [ app_begin ] --END-- [ RunTime:0.001000s ]
INFO: [ app_end ] --START--
INFO: Run Behavior\ShowPageTraceBehavior [ RunTime:0.000000s ]
INFO: [ app_end ] --END-- [ RunTime:0.000000s ]

[ 2016-05-17T14:12:00+08:00 ] 127.0.0.1 /Admin/Ajax/changeRecords?records=10
INFO: [ app_begin ] --START--
INFO: Run Behavior\ReadHtmlCacheBehavior [ RunTime:0.000000s ]
INFO: Run Behavior\CheckLangBehavior [ RunTime:0.001000s ]
INFO: [ app_begin ] --END-- [ RunTime:0.002000s ]
INFO: [ app_end ] --START--
INFO: Run Behavior\ShowPageTraceBehavior [ RunTime:0.001000s ]
INFO: [ app_end ] --END-- [ RunTime:0.001000s ]

[ 2016-05-17T14:19:36+08:00 ] 127.0.0.1 /Admin/Ajax/categoryAdd?categoryName=111&isShow=1
INFO: [ app_begin ] --START--
INFO: Run Behavior\ReadHtmlCacheBehavior [ RunTime:0.001000s ]
INFO: Run Behavior\CheckLangBehavior [ RunTime:0.000000s ]
INFO: [ app_begin ] --END-- [ RunTime:0.001000s ]
SQL: SHOW COLUMNS FROM `sucai_category` [ RunTime:0.0080s ]
SQL: INSERT INTO `sucai_category` (`CategoryName`,`IsShowNav`,`time`) VALUES ('111','1','1463465976') [ RunTime:0.0310s ]
INFO: [ app_end ] --START--
INFO: Run Behavior\ShowPageTraceBehavior [ RunTime:0.000000s ]
INFO: [ app_end ] --END-- [ RunTime:0.000000s ]

[ 2016-05-17T14:19:46+08:00 ] 127.0.0.1 /Admin/Ajax/changeRecords?records=10
INFO: [ app_begin ] --START--
INFO: Run Behavior\ReadHtmlCacheBehavior [ RunTime:0.000000s ]
INFO: Run Behavior\CheckLangBehavior [ RunTime:0.001000s ]
INFO: [ app_begin ] --END-- [ RunTime:0.002000s ]
INFO: [ app_end ] --START--
INFO: Run Behavior\ShowPageTraceBehavior [ RunTime:0.000000s ]
INFO: [ app_end ] --END-- [ RunTime:0.000000s ]

[ 2016-05-17T14:19:47+08:00 ] 127.0.0.1 /Admin/Category/lists
ERR: SQLSTATE[42S22]: Column not found: 1054 Unknown column 'ParentId' in 'field list'

[ 2016-05-17T14:24:00+08:00 ] 127.0.0.1 /Admin/Ajax/categoryAdd?categoryName=q&isShow=1
INFO: [ app_begin ] --START--
INFO: Run Behavior\ReadHtmlCacheBehavior [ RunTime:0.000000s ]
INFO: Run Behavior\CheckLangBehavior [ RunTime:0.001000s ]
INFO: [ app_begin ] --END-- [ RunTime:0.002000s ]
SQL: SHOW COLUMNS FROM `sucai_category` [ RunTime:0.0030s ]
SQL: INSERT INTO `sucai_category` (`CategoryName`,`IsShowNav`,`time`) VALUES ('q','1','1463466240') [ RunTime:0.0640s ]
INFO: [ app_end ] --START--
INFO: Run Behavior\ShowPageTraceBehavior [ RunTime:0.002000s ]
INFO: [ app_end ] --END-- [ RunTime:0.002000s ]

[ 2016-05-17T14:24:03+08:00 ] 127.0.0.1 /Admin/Ajax/changeRecords?records=10
INFO: [ app_begin ] --START--
INFO: Run Behavior\ReadHtmlCacheBehavior [ RunTime:0.000000s ]
INFO: Run Behavior\CheckLangBehavior [ RunTime:0.001000s ]
INFO: [ app_begin ] --END-- [ RunTime:0.001000s ]
INFO: [ app_end ] --START--
INFO: Run Behavior\ShowPageTraceBehavior [ RunTime:0.000000s ]
INFO: [ app_end ] --END-- [ RunTime:0.001000s ]

[ 2016-05-17T14:25:04+08:00 ] 127.0.0.1 /Admin/Ajax/categoryUpdate?isShow=0&categoryid=3
INFO: [ app_begin ] --START--
INFO: Run Behavior\ReadHtmlCacheBehavior [ RunTime:0.000000s ]
INFO: Run Behavior\CheckLangBehavior [ RunTime:0.001000s ]
INFO: [ app_begin ] --END-- [ RunTime:0.002000s ]
SQL: SHOW COLUMNS FROM `sucai_category` [ RunTime:0.0080s ]
SQL: UPDATE `sucai_category` SET `IsShowNav`='0' WHERE `id` = 3 [ RunTime:0.0390s ]
INFO: [ app_end ] --START--
INFO: Run Behavior\ShowPageTraceBehavior [ RunTime:0.000000s ]
INFO: [ app_end ] --END-- [ RunTime:0.001000s ]

[ 2016-05-17T14:30:45+08:00 ] 127.0.0.1 /Admin/Ajax/categoryAdd?categoryName=%E7%BD%91%E7%AB%99%E9%A6%96%E9%A1%B5&isShow=1
INFO: [ app_begin ] --START--
INFO: Run Behavior\ReadHtmlCacheBehavior [ RunTime:0.000000s ]
INFO: Run Behavior\CheckLangBehavior [ RunTime:0.000000s ]
INFO: [ app_begin ] --END-- [ RunTime:0.002001s ]
SQL: SHOW COLUMNS FROM `sucai_category` [ RunTime:0.0030s ]
SQL: INSERT INTO `sucai_category` (`CategoryName`,`IsShowNav`,`time`) VALUES ('网站首页','1','1463466644') [ RunTime:0.0400s ]
INFO: [ app_end ] --START--
INFO: Run Behavior\ShowPageTraceBehavior [ RunTime:0.001000s ]
INFO: [ app_end ] --END-- [ RunTime:0.001000s ]

[ 2016-05-17T14:30:52+08:00 ] 127.0.0.1 /Admin/Ajax/categoryAdd?categoryName=%E7%BD%91%E7%AB%99%E5%BB%BA%E8%AE%BE&isShow=1
INFO: [ app_begin ] --START--
INFO: Run Behavior\ReadHtmlCacheBehavior [ RunTime:0.001000s ]
INFO: Run Behavior\CheckLangBehavior [ RunTime:0.000000s ]
INFO: [ app_begin ] --END-- [ RunTime:0.001000s ]
SQL: SHOW COLUMNS FROM `sucai_category` [ RunTime:0.0030s ]
SQL: INSERT INTO `sucai_category` (`CategoryName`,`IsShowNav`,`time`) VALUES ('网站建设','1','1463466652') [ RunTime:0.0460s ]
INFO: [ app_end ] --START--
INFO: Run Behavior\ShowPageTraceBehavior [ RunTime:0.002001s ]
INFO: [ app_end ] --END-- [ RunTime:0.002001s ]

[ 2016-05-17T14:31:03+08:00 ] 127.0.0.1 /Admin/Ajax/categoryAdd?categoryName=%E7%BB%8F%E5%85%B8%E6%A1%88%E4%BE%8B&isShow=1
INFO: [ app_begin ] --START--
INFO: Run Behavior\ReadHtmlCacheBehavior [ RunTime:0.000000s ]
INFO: Run Behavior\CheckLangBehavior [ RunTime:0.001000s ]
INFO: [ app_begin ] --END-- [ RunTime:0.002000s ]
SQL: SHOW COLUMNS FROM `sucai_category` [ RunTime:0.0030s ]
SQL: INSERT INTO `sucai_category` (`CategoryName`,`IsShowNav`,`time`) VALUES ('经典案例','1','1463466663') [ RunTime:0.0210s ]
INFO: [ app_end ] --START--
INFO: Run Behavior\ShowPageTraceBehavior [ RunTime:0.001000s ]
INFO: [ app_end ] --END-- [ RunTime:0.001000s ]

[ 2016-05-17T14:31:15+08:00 ] 127.0.0.1 /Admin/Ajax/categoryAdd?categoryName=%E6%9C%8D%E5%8A%A1%E8%8C%83%E5%9B%B4&isShow=1
INFO: [ app_begin ] --START--
INFO: Run Behavior\ReadHtmlCacheBehavior [ RunTime:0.000000s ]
INFO: Run Behavior\CheckLangBehavior [ RunTime:0.001000s ]
INFO: [ app_begin ] --END-- [ RunTime:0.002000s ]
SQL: SHOW COLUMNS FROM `sucai_category` [ RunTime:0.0050s ]
SQL: INSERT INTO `sucai_category` (`CategoryName`,`IsShowNav`,`time`) VALUES ('服务范围','1','1463466675') [ RunTime:0.0450s ]
INFO: [ app_end ] --START--
INFO: Run Behavior\ShowPageTraceBehavior [ RunTime:0.001000s ]
INFO: [ app_end ] --END-- [ RunTime:0.001000s ]

[ 2016-05-17T14:31:25+08:00 ] 127.0.0.1 /Admin/Ajax/categoryAdd?categoryName=%E6%96%B0%E9%97%BB%E8%A7%82%E7%82%B9&isShow=1
INFO: [ app_begin ] --START--
INFO: Run Behavior\ReadHtmlCacheBehavior [ RunTime:0.000000s ]
INFO: Run Behavior\CheckLangBehavior [ RunTime:0.000000s ]
INFO: [ app_begin ] --END-- [ RunTime:0.001000s ]
SQL: SHOW COLUMNS FROM `sucai_category` [ RunTime:0.0080s ]
SQL: INSERT INTO `sucai_category` (`CategoryName`,`IsShowNav`,`time`) VALUES ('新闻观点','1','1463466685') [ RunTime:0.0220s ]
INFO: [ app_end ] --START--
INFO: Run Behavior\ShowPageTraceBehavior [ RunTime:0.000000s ]
INFO: [ app_end ] --END-- [ RunTime:0.001000s ]

[ 2016-05-17T14:31:42+08:00 ] 127.0.0.1 /Admin/Ajax/changeRecords?records=10
INFO: [ app_begin ] --START--
INFO: Run Behavior\ReadHtmlCacheBehavior [ RunTime:0.000000s ]
INFO: Run Behavior\CheckLangBehavior [ RunTime:0.000000s ]
INFO: [ app_begin ] --END-- [ RunTime:0.001000s ]
INFO: [ app_end ] --START--
INFO: Run Behavior\ShowPageTraceBehavior [ RunTime:0.000000s ]
INFO: [ app_end ] --END-- [ RunTime:0.000000s ]

[ 2016-05-17T14:31:53+08:00 ] 127.0.0.1 /Admin/Ajax/categoryAdd?categoryName=%E6%9C%8D%E5%8A%A1%E5%AE%A2%E6%88%B7&isShow=1
INFO: [ app_begin ] --START--
INFO: Run Behavior\ReadHtmlCacheBehavior [ RunTime:0.001000s ]
INFO: Run Behavior\CheckLangBehavior [ RunTime:0.001000s ]
INFO: [ app_begin ] --END-- [ RunTime:0.002000s ]
SQL: SHOW COLUMNS FROM `sucai_category` [ RunTime:0.0030s ]
SQL: INSERT INTO `sucai_category` (`CategoryName`,`IsShowNav`,`time`) VALUES ('服务客户','1','1463466713') [ RunTime:0.0220s ]
INFO: [ app_end ] --START--
INFO: Run Behavior\ShowPageTraceBehavior [ RunTime:0.000000s ]
INFO: [ app_end ] --END-- [ RunTime:0.001000s ]

[ 2016-05-17T14:31:59+08:00 ] 127.0.0.1 /Admin/Ajax/categoryAdd?categoryName=%E5%85%B3%E4%BA%8E%E6%88%91%E4%BB%AC&isShow=1
INFO: [ app_begin ] --START--
INFO: Run Behavior\ReadHtmlCacheBehavior [ RunTime:0.001000s ]
INFO: Run Behavior\CheckLangBehavior [ RunTime:0.000000s ]
INFO: [ app_begin ] --END-- [ RunTime:0.001000s ]
SQL: SHOW COLUMNS FROM `sucai_category` [ RunTime:0.0020s ]
SQL: INSERT INTO `sucai_category` (`CategoryName`,`IsShowNav`,`time`) VALUES ('关于我们','1','1463466719') [ RunTime:0.0280s ]
INFO: [ app_end ] --START--
INFO: Run Behavior\ShowPageTraceBehavior [ RunTime:0.001000s ]
INFO: [ app_end ] --END-- [ RunTime:0.001000s ]

[ 2016-05-17T14:32:05+08:00 ] 127.0.0.1 /Admin/Ajax/changeRecords?records=10
INFO: [ app_begin ] --START--
INFO: Run Behavior\ReadHtmlCacheBehavior [ RunTime:0.001000s ]
INFO: Run Behavior\CheckLangBehavior [ RunTime:0.000000s ]
INFO: [ app_begin ] --END-- [ RunTime:0.002000s ]
INFO: [ app_end ] --START--
INFO: Run Behavior\ShowPageTraceBehavior [ RunTime:0.001000s ]
INFO: [ app_end ] --END-- [ RunTime:0.001000s ]

[ 2016-05-17T14:49:36+08:00 ] 127.0.0.1 /Admin/Ajax/categoryAdd?categoryName=11&isShow=1&isCase=0
INFO: [ app_begin ] --START--
INFO: Run Behavior\ReadHtmlCacheBehavior [ RunTime:0.000000s ]
INFO: Run Behavior\CheckLangBehavior [ RunTime:0.001000s ]
INFO: [ app_begin ] --END-- [ RunTime:0.001000s ]
SQL: SHOW COLUMNS FROM `sucai_category` [ RunTime:0.0060s ]
SQL: INSERT INTO `sucai_category` (`CategoryName`,`IsShowNav`,`isCase`,`time`) VALUES ('11','1','0','1463467776') [ RunTime:0.0690s ]
INFO: [ app_end ] --START--
INFO: Run Behavior\ShowPageTraceBehavior [ RunTime:0.001000s ]
INFO: [ app_end ] --END-- [ RunTime:0.001000s ]

[ 2016-05-17T14:49:40+08:00 ] 127.0.0.1 /Admin/Ajax/categoryAdd?categoryName=11&isShow=1&isCase=1
INFO: [ app_begin ] --START--
INFO: Run Behavior\ReadHtmlCacheBehavior [ RunTime:0.000000s ]
INFO: Run Behavior\CheckLangBehavior [ RunTime:0.000000s ]
INFO: [ app_begin ] --END-- [ RunTime:0.001000s ]
SQL: SHOW COLUMNS FROM `sucai_category` [ RunTime:0.0060s ]
SQL: INSERT INTO `sucai_category` (`CategoryName`,`IsShowNav`,`isCase`,`time`) VALUES ('11','1','1','1463467780') [ RunTime:0.0260s ]
INFO: [ app_end ] --START--
INFO: Run Behavior\ShowPageTraceBehavior [ RunTime:0.000000s ]
INFO: [ app_end ] --END-- [ RunTime:0.001000s ]

[ 2016-05-17T14:50:52+08:00 ] 127.0.0.1 /Admin/Ajax/changeRecords?records=10
INFO: [ app_begin ] --START--
INFO: Run Behavior\ReadHtmlCacheBehavior [ RunTime:0.001000s ]
INFO: Run Behavior\CheckLangBehavior [ RunTime:0.000000s ]
INFO: [ app_begin ] --END-- [ RunTime:0.001000s ]
INFO: [ app_end ] --START--
INFO: Run Behavior\ShowPageTraceBehavior [ RunTime:0.000000s ]
INFO: [ app_end ] --END-- [ RunTime:0.000000s ]

[ 2016-05-17T14:50:54+08:00 ] 127.0.0.1 /Admin/Ajax/changeRecords?records=10
INFO: [ app_begin ] --START--
INFO: Run Behavior\ReadHtmlCacheBehavior [ RunTime:0.001000s ]
INFO: Run Behavior\CheckLangBehavior [ RunTime:0.000000s ]
INFO: [ app_begin ] --END-- [ RunTime:0.001000s ]
INFO: [ app_end ] --START--
INFO: Run Behavior\ShowPageTraceBehavior [ RunTime:0.000000s ]
INFO: [ app_end ] --END-- [ RunTime:0.000000s ]

[ 2016-05-17T14:52:59+08:00 ] 127.0.0.1 /Admin/Ajax/changeRecords?records=10
INFO: [ app_begin ] --START--
INFO: Run Behavior\ReadHtmlCacheBehavior [ RunTime:0.000000s ]
INFO: Run Behavior\CheckLangBehavior [ RunTime:0.000000s ]
INFO: [ app_begin ] --END-- [ RunTime:0.001000s ]
INFO: [ app_end ] --START--
INFO: Run Behavior\ShowPageTraceBehavior [ RunTime:0.000000s ]
INFO: [ app_end ] --END-- [ RunTime:0.000000s ]

[ 2016-05-17T14:53:15+08:00 ] 127.0.0.1 /Admin/Ajax/categoryAdd?categoryName=%E7%BB%8F%E5%85%B8%E6%A1%88%E4%BE%8B&isShow=1&isCase=1
INFO: [ app_begin ] --START--
INFO: Run Behavior\ReadHtmlCacheBehavior [ RunTime:0.001000s ]
INFO: Run Behavior\CheckLangBehavior [ RunTime:0.000000s ]
INFO: [ app_begin ] --END-- [ RunTime:0.002000s ]
SQL: SHOW COLUMNS FROM `sucai_category` [ RunTime:0.0030s ]
SQL: INSERT INTO `sucai_category` (`CategoryName`,`IsShowNav`,`isCase`,`time`) VALUES ('经典案例','1','1','1463467995') [ RunTime:0.0320s ]
INFO: [ app_end ] --START--
INFO: Run Behavior\ShowPageTraceBehavior [ RunTime:0.003001s ]
INFO: [ app_end ] --END-- [ RunTime:0.003001s ]

[ 2016-05-17T14:53:28+08:00 ] 127.0.0.1 /Admin/Ajax/categoryAdd?categoryName=%E4%BC%81%E4%B8%9A%E5%AE%A3%E4%BC%A0&isShow=1&isCase=1
INFO: [ app_begin ] --START--
INFO: Run Behavior\ReadHtmlCacheBehavior [ RunTime:0.001000s ]
INFO: Run Behavior\CheckLangBehavior [ RunTime:0.000000s ]
INFO: [ app_begin ] --END-- [ RunTime:0.001000s ]
SQL: SHOW COLUMNS FROM `sucai_category` [ RunTime:0.0020s ]
SQL: INSERT INTO `sucai_category` (`CategoryName`,`IsShowNav`,`isCase`,`time`) VALUES ('企业宣传','1','1','1463468008') [ RunTime:0.0260s ]
INFO: [ app_end ] --START--
INFO: Run Behavior\ShowPageTraceBehavior [ RunTime:0.000000s ]
INFO: [ app_end ] --END-- [ RunTime:0.000000s ]

[ 2016-05-17T14:53:38+08:00 ] 127.0.0.1 /Admin/Ajax/categoryAdd?categoryName=%E5%93%81%E7%89%8C%E7%BD%91%E7%AB%99&isShow=1&isCase=1
INFO: [ app_begin ] --START--
INFO: Run Behavior\ReadHtmlCacheBehavior [ RunTime:0.001000s ]
INFO: Run Behavior\CheckLangBehavior [ RunTime:0.000000s ]
INFO: [ app_begin ] --END-- [ RunTime:0.001000s ]
SQL: SHOW COLUMNS FROM `sucai_category` [ RunTime:0.0050s ]
SQL: INSERT INTO `sucai_category` (`CategoryName`,`IsShowNav`,`isCase`,`time`) VALUES ('品牌网站','1','1','1463468018') [ RunTime:0.0240s ]
INFO: [ app_end ] --START--
INFO: Run Behavior\ShowPageTraceBehavior [ RunTime:0.000000s ]
INFO: [ app_end ] --END-- [ RunTime:0.000000s ]

[ 2016-05-17T14:53:45+08:00 ] 127.0.0.1 /Admin/Ajax/categoryAdd?categoryName=%E7%94%B5%E5%AD%90%E5%95%86%E5%8A%A1&isShow=1&isCase=1
INFO: [ app_begin ] --START--
INFO: Run Behavior\ReadHtmlCacheBehavior [ RunTime:0.000000s ]
INFO: Run Behavior\CheckLangBehavior [ RunTime:0.001000s ]
INFO: [ app_begin ] --END-- [ RunTime:0.001000s ]
SQL: SHOW COLUMNS FROM `sucai_category` [ RunTime:0.0030s ]
SQL: INSERT INTO `sucai_category` (`CategoryName`,`IsShowNav`,`isCase`,`time`) VALUES ('电子商务','1','1','1463468025') [ RunTime:0.0210s ]
INFO: [ app_end ] --START--
INFO: Run Behavior\ShowPageTraceBehavior [ RunTime:0.001000s ]
INFO: [ app_end ] --END-- [ RunTime:0.001000s ]

[ 2016-05-17T14:53:55+08:00 ] 127.0.0.1 /Admin/Ajax/categoryAdd?categoryName=%E7%A7%BB%E5%8A%A8%E7%BB%88%E7%AB%AF&isShow=1&isCase=1
INFO: [ app_begin ] --START--
INFO: Run Behavior\ReadHtmlCacheBehavior [ RunTime:0.001000s ]
INFO: Run Behavior\CheckLangBehavior [ RunTime:0.000000s ]
INFO: [ app_begin ] --END-- [ RunTime:0.001000s ]
SQL: SHOW COLUMNS FROM `sucai_category` [ RunTime:0.0020s ]
SQL: INSERT INTO `sucai_category` (`CategoryName`,`IsShowNav`,`isCase`,`time`) VALUES ('移动终端','1','1','1463468035') [ RunTime:0.0380s ]
INFO: [ app_end ] --START--
INFO: Run Behavior\ShowPageTraceBehavior [ RunTime:0.001000s ]
INFO: [ app_end ] --END-- [ RunTime:0.001000s ]

[ 2016-05-17T14:54:04+08:00 ] 127.0.0.1 /Admin/Ajax/categoryAdd?categoryName=%E8%A7%86%E8%A7%89%E8%AE%BE%E8%AE%A1&isShow=1&isCase=1
INFO: [ app_begin ] --START--
INFO: Run Behavior\ReadHtmlCacheBehavior [ RunTime:0.001000s ]
INFO: Run Behavior\CheckLangBehavior [ RunTime:0.000000s ]
INFO: [ app_begin ] --END-- [ RunTime:0.001000s ]
SQL: SHOW COLUMNS FROM `sucai_category` [ RunTime:0.0030s ]
SQL: INSERT INTO `sucai_category` (`CategoryName`,`IsShowNav`,`isCase`,`time`) VALUES ('视觉设计','1','1','1463468044') [ RunTime:0.0400s ]
INFO: [ app_end ] --START--
INFO: Run Behavior\ShowPageTraceBehavior [ RunTime:0.000000s ]
INFO: [ app_end ] --END-- [ RunTime:0.000000s ]

[ 2016-05-17T14:54:14+08:00 ] 127.0.0.1 /Admin/Ajax/categoryAdd?categoryName=%E4%B8%89%E7%BB%B4%E8%99%9A%E6%8B%9F&isShow=1&isCase=1
INFO: [ app_begin ] --START--
INFO: Run Behavior\ReadHtmlCacheBehavior [ RunTime:0.001000s ]
INFO: Run Behavior\CheckLangBehavior [ RunTime:0.000000s ]
INFO: [ app_begin ] --END-- [ RunTime:0.001000s ]
SQL: SHOW COLUMNS FROM `sucai_category` [ RunTime:0.0030s ]
SQL: INSERT INTO `sucai_category` (`CategoryName`,`IsShowNav`,`isCase`,`time`) VALUES ('三维虚拟','1','1','1463468054') [ RunTime:0.0430s ]
INFO: [ app_end ] --START--
INFO: Run Behavior\ShowPageTraceBehavior [ RunTime:0.001000s ]
INFO: [ app_end ] --END-- [ RunTime:0.001000s ]

[ 2016-05-17T14:54:30+08:00 ] 127.0.0.1 /Admin/Ajax/categoryAdd?categoryName=%E8%A7%82%E7%82%B9%2F%E5%88%86%E4%BA%AB&isShow=1&isCase=0
INFO: [ app_begin ] --START--
INFO: Run Behavior\ReadHtmlCacheBehavior [ RunTime:0.001000s ]
INFO: Run Behavior\CheckLangBehavior [ RunTime:0.000000s ]
INFO: [ app_begin ] --END-- [ RunTime:0.001000s ]
SQL: SHOW COLUMNS FROM `sucai_category` [ RunTime:0.0060s ]
SQL: INSERT INTO `sucai_category` (`CategoryName`,`IsShowNav`,`isCase`,`time`) VALUES ('观点/分享','1','0','1463468070') [ RunTime:0.0270s ]
INFO: [ app_end ] --START--
INFO: Run Behavior\ShowPageTraceBehavior [ RunTime:0.000000s ]
INFO: [ app_end ] --END-- [ RunTime:0.000000s ]

[ 2016-05-17T14:54:40+08:00 ] 127.0.0.1 /Admin/Ajax/categoryAdd?categoryName=%E6%96%B0%E9%97%BB%E8%B5%84%E8%AE%AF&isShow=1&isCase=0
INFO: [ app_begin ] --START--
INFO: Run Behavior\ReadHtmlCacheBehavior [ RunTime:0.000000s ]
INFO: Run Behavior\CheckLangBehavior [ RunTime:0.000000s ]
INFO: [ app_begin ] --END-- [ RunTime:0.001000s ]
SQL: SHOW COLUMNS FROM `sucai_category` [ RunTime:0.0050s ]
SQL: INSERT INTO `sucai_category` (`CategoryName`,`IsShowNav`,`isCase`,`time`) VALUES ('新闻资讯','1','0','1463468080') [ RunTime:0.0400s ]
INFO: [ app_end ] --START--
INFO: Run Behavior\ShowPageTraceBehavior [ RunTime:0.001000s ]
INFO: [ app_end ] --END-- [ RunTime:0.001000s ]

[ 2016-05-17T14:54:55+08:00 ] 127.0.0.1 /Admin/Ajax/categoryAdd?categoryName=%E5%BB%BA%E7%AB%99%E7%9F%A5%E8%AF%86&isShow=1&isCase=0
INFO: [ app_begin ] --START--
INFO: Run Behavior\ReadHtmlCacheBehavior [ RunTime:0.001000s ]
INFO: Run Behavior\CheckLangBehavior [ RunTime:0.000000s ]
INFO: [ app_begin ] --END-- [ RunTime:0.001000s ]
SQL: SHOW COLUMNS FROM `sucai_category` [ RunTime:0.0030s ]
SQL: INSERT INTO `sucai_category` (`CategoryName`,`IsShowNav`,`isCase`,`time`) VALUES ('建站知识','1','0','1463468095') [ RunTime:0.0370s ]
INFO: [ app_end ] --START--
INFO: Run Behavior\ShowPageTraceBehavior [ RunTime:0.000000s ]
INFO: [ app_end ] --END-- [ RunTime:0.000000s ]

[ 2016-05-17T14:55:16+08:00 ] 127.0.0.1 /Admin/Ajax/categoryAdd?categoryName=%E8%BF%90%E8%90%A5%E6%8A%80%E5%B7%A7&isShow=1&isCase=0
INFO: [ app_begin ] --START--
INFO: Run Behavior\ReadHtmlCacheBehavior [ RunTime:0.001000s ]
INFO: Run Behavior\CheckLangBehavior [ RunTime:0.000000s ]
INFO: [ app_begin ] --END-- [ RunTime:0.001000s ]
SQL: SHOW COLUMNS FROM `sucai_category` [ RunTime:0.0030s ]
SQL: INSERT INTO `sucai_category` (`CategoryName`,`IsShowNav`,`isCase`,`time`) VALUES ('运营技巧','1','0','1463468116') [ RunTime:0.0290s ]
INFO: [ app_end ] --START--
INFO: Run Behavior\ShowPageTraceBehavior [ RunTime:0.001000s ]
INFO: [ app_end ] --END-- [ RunTime:0.001000s ]

[ 2016-05-17T14:55:28+08:00 ] 127.0.0.1 /Admin/Ajax/categoryAdd?categoryName=%E5%B8%B8%E8%A7%81%E9%97%AE%E9%A2%98&isShow=1&isCase=0
INFO: [ app_begin ] --START--
INFO: Run Behavior\ReadHtmlCacheBehavior [ RunTime:0.001001s ]
INFO: Run Behavior\CheckLangBehavior [ RunTime:0.000000s ]
INFO: [ app_begin ] --END-- [ RunTime:0.002001s ]
SQL: SHOW COLUMNS FROM `sucai_category` [ RunTime:0.0030s ]
SQL: INSERT INTO `sucai_category` (`CategoryName`,`IsShowNav`,`isCase`,`time`) VALUES ('常见问题','1','0','1463468128') [ RunTime:0.0230s ]
INFO: [ app_end ] --START--
INFO: Run Behavior\ShowPageTraceBehavior [ RunTime:0.003000s ]
INFO: [ app_end ] --END-- [ RunTime:0.004000s ]

[ 2016-05-17T14:55:39+08:00 ] 127.0.0.1 /Admin/Ajax/categoryAdd?categoryName=%E7%AD%BE%E7%BA%A6%E5%8A%A8%E6%80%81&isShow=1&isCase=0
INFO: [ app_begin ] --START--
INFO: Run Behavior\ReadHtmlCacheBehavior [ RunTime:0.001000s ]
INFO: Run Behavior\CheckLangBehavior [ RunTime:0.001000s ]
INFO: [ app_begin ] --END-- [ RunTime:0.006001s ]
SQL: SHOW COLUMNS FROM `sucai_category` [ RunTime:0.0030s ]
SQL: INSERT INTO `sucai_category` (`CategoryName`,`IsShowNav`,`isCase`,`time`) VALUES ('签约动态','1','0','1463468139') [ RunTime:0.0370s ]
INFO: [ app_end ] --START--
INFO: Run Behavior\ShowPageTraceBehavior [ RunTime:0.000000s ]
INFO: [ app_end ] --END-- [ RunTime:0.000000s ]

[ 2016-05-17T14:55:48+08:00 ] 127.0.0.1 /Admin/Ajax/categoryAdd?categoryName=%E6%8A%80%E6%9C%AF%E5%88%86%E4%BA%AB&isShow=1&isCase=0
INFO: [ app_begin ] --START--
INFO: Run Behavior\ReadHtmlCacheBehavior [ RunTime:0.001000s ]
INFO: Run Behavior\CheckLangBehavior [ RunTime:0.000000s ]
INFO: [ app_begin ] --END-- [ RunTime:0.001000s ]
SQL: SHOW COLUMNS FROM `sucai_category` [ RunTime:0.0030s ]
SQL: INSERT INTO `sucai_category` (`CategoryName`,`IsShowNav`,`isCase`,`time`) VALUES ('技术分享','1','0','1463468148') [ RunTime:0.0250s ]
INFO: [ app_end ] --START--
INFO: Run Behavior\ShowPageTraceBehavior [ RunTime:0.001000s ]
INFO: [ app_end ] --END-- [ RunTime:0.001000s ]

[ 2016-05-17T14:55:51+08:00 ] 127.0.0.1 /Admin/Ajax/changeRecords?records=10
INFO: [ app_begin ] --START--
INFO: Run Behavior\ReadHtmlCacheBehavior [ RunTime:0.001000s ]
INFO: Run Behavior\CheckLangBehavior [ RunTime:0.000000s ]
INFO: [ app_begin ] --END-- [ RunTime:0.001000s ]
INFO: [ app_end ] --START--
INFO: Run Behavior\ShowPageTraceBehavior [ RunTime:0.001000s ]
INFO: [ app_end ] --END-- [ RunTime:0.001000s ]

[ 2016-05-17T15:48:13+08:00 ] 127.0.0.1 /Admin/Ajax/changeRecords?records=10
INFO: [ app_begin ] --START--
INFO: Run Behavior\ReadHtmlCacheBehavior [ RunTime:0.000000s ]
INFO: Run Behavior\CheckLangBehavior [ RunTime:0.001000s ]
INFO: [ app_begin ] --END-- [ RunTime:0.001000s ]
INFO: [ app_end ] --START--
INFO: Run Behavior\ShowPageTraceBehavior [ RunTime:0.001000s ]
INFO: [ app_end ] --END-- [ RunTime:0.001000s ]

[ 2016-05-17T15:48:18+08:00 ] 127.0.0.1 /Admin/Learn/learnInformationAdd
ERR: SQLSTATE[42S22]: Column not found: 1054 Unknown column 'ParentId' in 'field list'

[ 2016-05-17T15:53:46+08:00 ] 127.0.0.1 /Admin/Learn/learnInformationAdd
ERR: SQLSTATE[42S22]: Column not found: 1054 Unknown column 'ParentId' in 'field list'

[ 2016-05-17T16:12:10+08:00 ] 127.0.0.1 /Admin/Ajax/changeRecords?records=10
INFO: [ app_begin ] --START--
INFO: Run Behavior\ReadHtmlCacheBehavior [ RunTime:0.000000s ]
INFO: Run Behavior\CheckLangBehavior [ RunTime:0.001000s ]
INFO: [ app_begin ] --END-- [ RunTime:0.001000s ]
INFO: [ app_end ] --START--
INFO: Run Behavior\ShowPageTraceBehavior [ RunTime:0.000000s ]
INFO: [ app_end ] --END-- [ RunTime:0.000000s ]

[ 2016-05-17T16:13:07+08:00 ] 127.0.0.1 /Admin/Ajax/changeRecords?records=10
INFO: [ app_begin ] --START--
INFO: Run Behavior\ReadHtmlCacheBehavior [ RunTime:0.000000s ]
INFO: Run Behavior\CheckLangBehavior [ RunTime:0.000000s ]
INFO: [ app_begin ] --END-- [ RunTime:0.001000s ]
INFO: [ app_end ] --START--
INFO: Run Behavior\ShowPageTraceBehavior [ RunTime:0.000000s ]
INFO: [ app_end ] --END-- [ RunTime:0.000000s ]

[ 2016-05-17T16:19:27+08:00 ] 127.0.0.1 /Admin/Ajax/changeRecords?records=10
INFO: [ app_begin ] --START--
INFO: Run Behavior\ReadHtmlCacheBehavior [ RunTime:0.001000s ]
INFO: Run Behavior\CheckLangBehavior [ RunTime:0.001000s ]
INFO: [ app_begin ] --END-- [ RunTime:0.002000s ]
INFO: [ app_end ] --START--
INFO: Run Behavior\ShowPageTraceBehavior [ RunTime:0.000000s ]
INFO: [ app_end ] --END-- [ RunTime:0.001000s ]

[ 2016-05-17T16:30:45+08:00 ] 127.0.0.1 /Admin/Learn/learnInformationUpdate.html?id=1
ERR: SQLSTATE[42S22]: Column not found: 1054 Unknown column 'cpath' in 'order clause'

[ 2016-05-17T16:31:27+08:00 ] 127.0.0.1 /Admin/Learn/learnInformationUpdate.html?id=1
ERR: SQLSTATE[42S22]: Column not found: 1054 Unknown column 'cpath' in 'order clause'

[ 2016-05-17T16:31:28+08:00 ] 127.0.0.1 /Admin/Learn/learnInformationUpdate.html?id=1
ERR: SQLSTATE[42S22]: Column not found: 1054 Unknown column 'cpath' in 'order clause'

[ 2016-05-17T16:35:46+08:00 ] 127.0.0.1 /Admin/Ajax/changeRecords?records=10
INFO: [ app_begin ] --START--
INFO: Run Behavior\ReadHtmlCacheBehavior [ RunTime:0.001000s ]
INFO: Run Behavior\CheckLangBehavior [ RunTime:0.001000s ]
INFO: [ app_begin ] --END-- [ RunTime:0.002000s ]
INFO: [ app_end ] --START--
INFO: Run Behavior\ShowPageTraceBehavior [ RunTime:0.001000s ]
INFO: [ app_end ] --END-- [ RunTime:0.001000s ]

[ 2016-05-17T17:06:43+08:00 ] 127.0.0.1 /Admin/Ajax/changeRecords?records=10
INFO: [ app_begin ] --START--
INFO: Run Behavior\ReadHtmlCacheBehavior [ RunTime:0.001000s ]
INFO: Run Behavior\CheckLangBehavior [ RunTime:0.000000s ]
INFO: [ app_begin ] --END-- [ RunTime:0.001000s ]
INFO: [ app_end ] --START--
INFO: Run Behavior\ShowPageTraceBehavior [ RunTime:0.001000s ]
INFO: [ app_end ] --END-- [ RunTime:0.001000s ]

[ 2016-05-17T17:11:53+08:00 ] 127.0.0.1 /Admin/Ajax/changeRecords?records=10
INFO: [ app_begin ] --START--
INFO: Run Behavior\ReadHtmlCacheBehavior [ RunTime:0.001000s ]
INFO: Run Behavior\CheckLangBehavior [ RunTime:0.000000s ]
INFO: [ app_begin ] --END-- [ RunTime:0.001000s ]
INFO: [ app_end ] --START--
INFO: Run Behavior\ShowPageTraceBehavior [ RunTime:0.000000s ]
INFO: [ app_end ] --END-- [ RunTime:0.000000s ]

[ 2016-05-17T17:39:58+08:00 ] 127.0.0.1 /Admin/Ajax/changeRecords?records=10
INFO: [ app_begin ] --START--
INFO: Run Behavior\ReadHtmlCacheBehavior [ RunTime:0.001000s ]
INFO: Run Behavior\CheckLangBehavior [ RunTime:0.001000s ]
INFO: [ app_begin ] --END-- [ RunTime:0.003000s ]
INFO: [ app_end ] --START--
INFO: Run Behavior\ShowPageTraceBehavior [ RunTime:0.000000s ]
INFO: [ app_end ] --END-- [ RunTime:0.000000s ]

[ 2016-05-17T17:39:58+08:00 ] 127.0.0.1 /Admin/News/lists
ERR: SQLSTATE[42S22]: Column not found: 1054 Unknown column 'describe1' in 'field list'

[ 2016-05-17T18:05:41+08:00 ] 127.0.0.1 /Admin/News/newsAdd
ERR: SQLSTATE[42S22]: Column not found: 1054 Unknown column 'type' in 'where clause'

[ 2016-05-17T18:14:47+08:00 ] 127.0.0.1 /Admin/Ajax/changeRecords?records=10
INFO: [ app_begin ] --START--
INFO: Run Behavior\ReadHtmlCacheBehavior [ RunTime:0.000000s ]
INFO: Run Behavior\CheckLangBehavior [ RunTime:0.001001s ]
INFO: [ app_begin ] --END-- [ RunTime:0.001001s ]
INFO: [ app_end ] --START--
INFO: Run Behavior\ShowPageTraceBehavior [ RunTime:0.000000s ]
INFO: [ app_end ] --END-- [ RunTime:0.000000s ]

[ 2016-05-17T18:14:47+08:00 ] 127.0.0.1 /Admin/News/lists
ERR: SQLSTATE[42S22]: Column not found: 1054 Unknown column 'describe1' in 'field list'

[ 2016-05-17T18:31:04+08:00 ] 127.0.0.1 /Admin/News/newsUpdate.html?id=64
ERR: SQLSTATE[42000]: Syntax error or access violation: 1064 You have an error in your SQL syntax; check the manual that corresponds to your MySQL server version for the right syntax to use near '.newImg,new.describe,new.tag FROM sucai_category cat,sucai_news new WHERE ( cat.' at line 1

[ 2016-05-17T18:33:39+08:00 ] 127.0.0.1 /Admin/News/newsUpdate.html?id=64
ERR: SQLSTATE[42000]: Syntax error or access violation: 1064 You have an error in your SQL syntax; check the manual that corresponds to your MySQL server version for the right syntax to use near '.newImg,new.describe,new.tag FROM sucai_category cat,sucai_news new WHERE ( cat.' at line 1

[ 2016-05-17T18:35:05+08:00 ] 127.0.0.1 /Admin/News/newsUpdate.html?id=64
ERR: SQLSTATE[42S22]: Column not found: 1054 Unknown column 'new.newImg' in 'field list'

