[ 2016-05-23T09:28:27+08:00 ] 127.0.0.1 /Admin/Login/login?user=admin&passwd=admin
INFO: [ app_begin ] --START--
INFO: Run Behavior\ReadHtmlCacheBehavior [ RunTime:0.001000s ]
INFO: Run Behavior\CheckLangBehavior [ RunTime:0.000000s ]
INFO: [ app_begin ] --END-- [ RunTime:0.001000s ]
NOTIC: [8] Use of undefined constant LANG_SET - assumed 'LANG_SET' E:\wamp\www\demo\Application\Admin\Controller\CommonController.class.php 第 13 行.
SQL: SHOW COLUMNS FROM `sucai_admin` [ RunTime:0.4974s ]
SQL: SELECT * FROM `sucai_admin` WHERE `user` = 'admin' AND `passwd` = '0d7aaae371d622793246c719c55f1f7f' LIMIT 1   [ RunTime:0.1002s ]
INFO: [ app_end ] --START--
INFO: Run Behavior\ShowPageTraceBehavior [ RunTime:0.002000s ]
INFO: [ app_end ] --END-- [ RunTime:0.003000s ]

[ 2016-05-23T09:28:27+08:00 ] 127.0.0.1 /Admin/Login/login?user=admin&passwd=admin
INFO: [ app_begin ] --START--
INFO: Run Behavior\ReadHtmlCacheBehavior [ RunTime:0.000000s ]
INFO: Run Behavior\CheckLangBehavior [ RunTime:0.000000s ]
INFO: [ app_begin ] --END-- [ RunTime:0.000000s ]
NOTIC: [8] Use of undefined constant LANG_SET - assumed 'LANG_SET' E:\wamp\www\demo\Application\Admin\Controller\CommonController.class.php 第 13 行.
SQL: SHOW COLUMNS FROM `sucai_admin` [ RunTime:0.0040s ]
SQL: SELECT * FROM `sucai_admin` WHERE `user` = 'admin' AND `passwd` = '0d7aaae371d622793246c719c55f1f7f' LIMIT 1   [ RunTime:0.0000s ]
INFO: [ app_end ] --START--
INFO: Run Behavior\ShowPageTraceBehavior [ RunTime:0.000000s ]
INFO: [ app_end ] --END-- [ RunTime:0.001000s ]

[ 2016-05-23T09:28:34+08:00 ] 127.0.0.1 /Admin/Ajax/changeRecords?records=10
INFO: [ app_begin ] --START--
INFO: Run Behavior\ReadHtmlCacheBehavior [ RunTime:0.001000s ]
INFO: Run Behavior\CheckLangBehavior [ RunTime:0.000000s ]
INFO: [ app_begin ] --END-- [ RunTime:0.002000s ]
INFO: [ app_end ] --START--
INFO: Run Behavior\ShowPageTraceBehavior [ RunTime:0.000000s ]
INFO: [ app_end ] --END-- [ RunTime:0.001000s ]

[ 2016-05-23T09:28:47+08:00 ] 127.0.0.1 /Admin/Ajax/changeRecords?records=10
INFO: [ app_begin ] --START--
INFO: Run Behavior\ReadHtmlCacheBehavior [ RunTime:0.001000s ]
INFO: Run Behavior\CheckLangBehavior [ RunTime:0.000000s ]
INFO: [ app_begin ] --END-- [ RunTime:0.001000s ]
INFO: [ app_end ] --START--
INFO: Run Behavior\ShowPageTraceBehavior [ RunTime:0.000000s ]
INFO: [ app_end ] --END-- [ RunTime:0.001000s ]

[ 2016-05-23T09:29:24+08:00 ] 127.0.0.1 /Admin/Ajax/changeRecords?records=10
INFO: [ app_begin ] --START--
INFO: Run Behavior\ReadHtmlCacheBehavior [ RunTime:0.000000s ]
INFO: Run Behavior\CheckLangBehavior [ RunTime:0.000000s ]
INFO: [ app_begin ] --END-- [ RunTime:0.000000s ]
INFO: [ app_end ] --START--
INFO: Run Behavior\ShowPageTraceBehavior [ RunTime:0.000000s ]
INFO: [ app_end ] --END-- [ RunTime:0.000000s ]

[ 2016-05-23T09:29:30+08:00 ] 127.0.0.1 /Admin/Ajax/changeRecords?records=10
INFO: [ app_begin ] --START--
INFO: Run Behavior\ReadHtmlCacheBehavior [ RunTime:0.000000s ]
INFO: Run Behavior\CheckLangBehavior [ RunTime:0.001000s ]
INFO: [ app_begin ] --END-- [ RunTime:0.002000s ]
INFO: [ app_end ] --START--
INFO: Run Behavior\ShowPageTraceBehavior [ RunTime:0.000000s ]
INFO: [ app_end ] --END-- [ RunTime:0.000000s ]

[ 2016-05-23T09:29:35+08:00 ] 127.0.0.1 /Admin/Ajax/changeRecords?records=10
INFO: [ app_begin ] --START--
INFO: Run Behavior\ReadHtmlCacheBehavior [ RunTime:0.000000s ]
INFO: Run Behavior\CheckLangBehavior [ RunTime:0.001000s ]
INFO: [ app_begin ] --END-- [ RunTime:0.002001s ]
INFO: [ app_end ] --START--
INFO: Run Behavior\ShowPageTraceBehavior [ RunTime:0.000000s ]
INFO: [ app_end ] --END-- [ RunTime:0.000000s ]

[ 2016-05-23T09:30:08+08:00 ] 127.0.0.1 /Admin/Ajax/changeRecords?records=10
INFO: [ app_begin ] --START--
INFO: Run Behavior\ReadHtmlCacheBehavior [ RunTime:0.001000s ]
INFO: Run Behavior\CheckLangBehavior [ RunTime:0.000000s ]
INFO: [ app_begin ] --END-- [ RunTime:0.001000s ]
INFO: [ app_end ] --START--
INFO: Run Behavior\ShowPageTraceBehavior [ RunTime:0.000000s ]
INFO: [ app_end ] --END-- [ RunTime:0.001000s ]

[ 2016-05-23T10:44:38+08:00 ] 127.0.0.1 /Admin/Ajax/wechatAdd
INFO: [ app_begin ] --START--
INFO: Run Behavior\ReadHtmlCacheBehavior [ RunTime:0.000000s ]
INFO: Run Behavior\CheckLangBehavior [ RunTime:0.001000s ]
INFO: [ app_begin ] --END-- [ RunTime:0.001000s ]
SQL: SHOW COLUMNS FROM `sucai_tag` [ RunTime:0.0180s ]
SQL: INSERT INTO `sucai_tag` (`tagName`,`caseId`,`type`,`createTime`) VALUES ('2','2','1','1463971478') [ RunTime:0.0390s ]
INFO: [ app_end ] --START--
INFO: Run Behavior\ShowPageTraceBehavior [ RunTime:0.001000s ]
INFO: [ app_end ] --END-- [ RunTime:0.001000s ]

[ 2016-05-23T10:44:42+08:00 ] 127.0.0.1 /Admin/Ajax/wechatAdd
INFO: [ app_begin ] --START--
INFO: Run Behavior\ReadHtmlCacheBehavior [ RunTime:0.000000s ]
INFO: Run Behavior\CheckLangBehavior [ RunTime:0.001000s ]
INFO: [ app_begin ] --END-- [ RunTime:0.001000s ]
SQL: SHOW COLUMNS FROM `sucai_tag` [ RunTime:0.0040s ]
SQL: INSERT INTO `sucai_tag` (`tagName`,`caseId`,`type`,`createTime`) VALUES ('22','2','1','1463971482') [ RunTime:0.0420s ]
INFO: [ app_end ] --START--
INFO: Run Behavior\ShowPageTraceBehavior [ RunTime:0.001000s ]
INFO: [ app_end ] --END-- [ RunTime:0.001000s ]

[ 2016-05-23T10:44:44+08:00 ] 127.0.0.1 /Admin/Ajax/changeRecords?records=10
INFO: [ app_begin ] --START--
INFO: Run Behavior\ReadHtmlCacheBehavior [ RunTime:0.001000s ]
INFO: Run Behavior\CheckLangBehavior [ RunTime:0.000000s ]
INFO: [ app_begin ] --END-- [ RunTime:0.001000s ]
INFO: [ app_end ] --START--
INFO: Run Behavior\ShowPageTraceBehavior [ RunTime:0.000000s ]
INFO: [ app_end ] --END-- [ RunTime:0.001000s ]

[ 2016-05-23T10:44:57+08:00 ] 127.0.0.1 /Admin/Ajax/wechatAdd
INFO: [ app_begin ] --START--
INFO: Run Behavior\ReadHtmlCacheBehavior [ RunTime:0.000000s ]
INFO: Run Behavior\CheckLangBehavior [ RunTime:0.001000s ]
INFO: [ app_begin ] --END-- [ RunTime:0.002000s ]
SQL: SHOW COLUMNS FROM `sucai_tag` [ RunTime:0.0040s ]
SQL: INSERT INTO `sucai_tag` (`tagName`,`caseId`,`type`,`createTime`) VALUES ('2','2','0','1463971497') [ RunTime:0.0340s ]
INFO: [ app_end ] --START--
INFO: Run Behavior\ShowPageTraceBehavior [ RunTime:0.001000s ]
INFO: [ app_end ] --END-- [ RunTime:0.001000s ]

[ 2016-05-23T10:45:00+08:00 ] 127.0.0.1 /Admin/Ajax/wechatAdd
INFO: [ app_begin ] --START--
INFO: Run Behavior\ReadHtmlCacheBehavior [ RunTime:0.001000s ]
INFO: Run Behavior\CheckLangBehavior [ RunTime:0.000000s ]
INFO: [ app_begin ] --END-- [ RunTime:0.001000s ]
SQL: SHOW COLUMNS FROM `sucai_tag` [ RunTime:0.0040s ]
SQL: INSERT INTO `sucai_tag` (`tagName`,`caseId`,`type`,`createTime`) VALUES ('222','2','0','1463971500') [ RunTime:0.0360s ]
INFO: [ app_end ] --START--
INFO: Run Behavior\ShowPageTraceBehavior [ RunTime:0.003000s ]
INFO: [ app_end ] --END-- [ RunTime:0.004000s ]

[ 2016-05-23T10:45:02+08:00 ] 127.0.0.1 /Admin/Ajax/changeRecords?records=10
INFO: [ app_begin ] --START--
INFO: Run Behavior\ReadHtmlCacheBehavior [ RunTime:0.000000s ]
INFO: Run Behavior\CheckLangBehavior [ RunTime:0.001000s ]
INFO: [ app_begin ] --END-- [ RunTime:0.002000s ]
INFO: [ app_end ] --START--
INFO: Run Behavior\ShowPageTraceBehavior [ RunTime:0.000000s ]
INFO: [ app_end ] --END-- [ RunTime:0.001000s ]

[ 2016-05-23T11:11:06+08:00 ] 127.0.0.1 /Admin/Ajax/changeRecords?records=10
INFO: [ app_begin ] --START--
INFO: Run Behavior\ReadHtmlCacheBehavior [ RunTime:0.000000s ]
INFO: Run Behavior\CheckLangBehavior [ RunTime:0.000000s ]
INFO: [ app_begin ] --END-- [ RunTime:0.000000s ]
INFO: [ app_end ] --START--
INFO: Run Behavior\ShowPageTraceBehavior [ RunTime:0.000000s ]
INFO: [ app_end ] --END-- [ RunTime:0.000000s ]

[ 2016-05-23T11:45:14+08:00 ] 127.0.0.1 /Admin/Ajax/changeRecords?records=10
INFO: [ app_begin ] --START--
INFO: Run Behavior\ReadHtmlCacheBehavior [ RunTime:0.000000s ]
INFO: Run Behavior\CheckLangBehavior [ RunTime:0.001000s ]
INFO: [ app_begin ] --END-- [ RunTime:0.002000s ]
INFO: [ app_end ] --START--
INFO: Run Behavior\ShowPageTraceBehavior [ RunTime:0.000000s ]
INFO: [ app_end ] --END-- [ RunTime:0.000000s ]

[ 2016-05-23T11:46:46+08:00 ] 127.0.0.1 /Admin/Ajax/changeRecords?records=10
INFO: [ app_begin ] --START--
INFO: Run Behavior\ReadHtmlCacheBehavior [ RunTime:0.001000s ]
INFO: Run Behavior\CheckLangBehavior [ RunTime:0.001000s ]
INFO: [ app_begin ] --END-- [ RunTime:0.002000s ]
INFO: [ app_end ] --START--
INFO: Run Behavior\ShowPageTraceBehavior [ RunTime:0.004001s ]
INFO: [ app_end ] --END-- [ RunTime:0.004001s ]

[ 2016-05-23T11:47:21+08:00 ] 127.0.0.1 /Admin/Ajax/changeRecords?records=10
INFO: [ app_begin ] --START--
INFO: Run Behavior\ReadHtmlCacheBehavior [ RunTime:0.000000s ]
INFO: Run Behavior\CheckLangBehavior [ RunTime:0.000000s ]
INFO: [ app_begin ] --END-- [ RunTime:0.002000s ]
INFO: [ app_end ] --START--
INFO: Run Behavior\ShowPageTraceBehavior [ RunTime:0.000000s ]
INFO: [ app_end ] --END-- [ RunTime:0.001000s ]

[ 2016-05-23T13:04:02+08:00 ] 127.0.0.1 /Admin/Ajax/changeRecords?records=10
INFO: [ app_begin ] --START--
INFO: Run Behavior\ReadHtmlCacheBehavior [ RunTime:0.000000s ]
INFO: Run Behavior\CheckLangBehavior [ RunTime:0.001000s ]
INFO: [ app_begin ] --END-- [ RunTime:0.001000s ]
INFO: [ app_end ] --START--
INFO: Run Behavior\ShowPageTraceBehavior [ RunTime:0.000000s ]
INFO: [ app_end ] --END-- [ RunTime:0.001000s ]

[ 2016-05-23T13:08:18+08:00 ] 127.0.0.1 /Admin/Ajax/wechatAdd
INFO: [ app_begin ] --START--
INFO: Run Behavior\ReadHtmlCacheBehavior [ RunTime:0.001000s ]
INFO: Run Behavior\CheckLangBehavior [ RunTime:0.000000s ]
INFO: [ app_begin ] --END-- [ RunTime:0.001000s ]
SQL: SHOW COLUMNS FROM `sucai_tag` [ RunTime:0.0080s ]
SQL: INSERT INTO `sucai_tag` (`tagName`,`caseId`,`type`,`createTime`) VALUES ('蓝色','1','1','1463980098') [ RunTime:0.0410s ]
INFO: [ app_end ] --START--
INFO: Run Behavior\ShowPageTraceBehavior [ RunTime:0.001000s ]
INFO: [ app_end ] --END-- [ RunTime:0.001000s ]

[ 2016-05-23T13:08:27+08:00 ] 127.0.0.1 /Admin/Ajax/wechatAdd
INFO: [ app_begin ] --START--
INFO: Run Behavior\ReadHtmlCacheBehavior [ RunTime:0.001000s ]
INFO: Run Behavior\CheckLangBehavior [ RunTime:0.000000s ]
INFO: [ app_begin ] --END-- [ RunTime:0.001000s ]
SQL: SHOW COLUMNS FROM `sucai_tag` [ RunTime:0.0040s ]
SQL: INSERT INTO `sucai_tag` (`tagName`,`caseId`,`type`,`createTime`) VALUES ('欧美风格','1','1','1463980107') [ RunTime:0.0300s ]
INFO: [ app_end ] --START--
INFO: Run Behavior\ShowPageTraceBehavior [ RunTime:0.002000s ]
INFO: [ app_end ] --END-- [ RunTime:0.002000s ]

[ 2016-05-23T13:08:45+08:00 ] 127.0.0.1 /Admin/Ajax/wechatAdd
INFO: [ app_begin ] --START--
INFO: Run Behavior\ReadHtmlCacheBehavior [ RunTime:0.007000s ]
INFO: Run Behavior\CheckLangBehavior [ RunTime:0.000000s ]
INFO: [ app_begin ] --END-- [ RunTime:0.007000s ]
SQL: SHOW COLUMNS FROM `sucai_tag` [ RunTime:0.0110s ]
SQL: INSERT INTO `sucai_tag` (`tagName`,`caseId`,`type`,`createTime`) VALUES ('国有企业','1','1','1463980125') [ RunTime:0.0550s ]
INFO: [ app_end ] --START--
INFO: Run Behavior\ShowPageTraceBehavior [ RunTime:0.001000s ]
INFO: [ app_end ] --END-- [ RunTime:0.001000s ]

[ 2016-05-23T14:06:02+08:00 ] 127.0.0.1 /Admin/Ajax/changeRecords?records=10
INFO: [ app_begin ] --START--
INFO: Run Behavior\ReadHtmlCacheBehavior [ RunTime:0.001000s ]
INFO: Run Behavior\CheckLangBehavior [ RunTime:0.000000s ]
INFO: [ app_begin ] --END-- [ RunTime:0.001000s ]
INFO: [ app_end ] --START--
INFO: Run Behavior\ShowPageTraceBehavior [ RunTime:0.001000s ]
INFO: [ app_end ] --END-- [ RunTime:0.001000s ]

[ 2016-05-23T14:06:38+08:00 ] 127.0.0.1 /Admin/Ajax/wechatAdd
INFO: [ app_begin ] --START--
INFO: Run Behavior\ReadHtmlCacheBehavior [ RunTime:0.001000s ]
INFO: Run Behavior\CheckLangBehavior [ RunTime:0.002000s ]
INFO: [ app_begin ] --END-- [ RunTime:0.006000s ]
SQL: SHOW COLUMNS FROM `sucai_tag` [ RunTime:0.0090s ]
SQL: INSERT INTO `sucai_tag` (`tagName`,`caseId`,`type`,`createTime`) VALUES ('天宸','2','1','1463983598') [ RunTime:0.0210s ]
INFO: [ app_end ] --START--
INFO: Run Behavior\ShowPageTraceBehavior [ RunTime:0.001000s ]
INFO: [ app_end ] --END-- [ RunTime:0.001000s ]

[ 2016-05-23T14:08:48+08:00 ] 127.0.0.1 /Admin/Ajax/wechatAdd
INFO: [ app_begin ] --START--
INFO: Run Behavior\ReadHtmlCacheBehavior [ RunTime:0.004000s ]
INFO: Run Behavior\CheckLangBehavior [ RunTime:0.003001s ]
INFO: [ app_begin ] --END-- [ RunTime:0.007001s ]
SQL: SHOW COLUMNS FROM `sucai_tag` [ RunTime:0.0070s ]
SQL: INSERT INTO `sucai_tag` (`tagName`,`caseId`,`type`,`createTime`) VALUES ('中环球船务','3','1','1463983728') [ RunTime:0.0480s ]
INFO: [ app_end ] --START--
INFO: Run Behavior\ShowPageTraceBehavior [ RunTime:0.001000s ]
INFO: [ app_end ] --END-- [ RunTime:0.001000s ]

[ 2016-05-23T14:08:54+08:00 ] 127.0.0.1 /Admin/Ajax/changeRecords?records=10
INFO: [ app_begin ] --START--
INFO: Run Behavior\ReadHtmlCacheBehavior [ RunTime:0.001000s ]
INFO: Run Behavior\CheckLangBehavior [ RunTime:0.000000s ]
INFO: [ app_begin ] --END-- [ RunTime:0.001000s ]
INFO: [ app_end ] --START--
INFO: Run Behavior\ShowPageTraceBehavior [ RunTime:0.001000s ]
INFO: [ app_end ] --END-- [ RunTime:0.001000s ]

[ 2016-05-23T14:44:45+08:00 ] 127.0.0.1 /Admin/Ajax/changeRecords?records=10
INFO: [ app_begin ] --START--
INFO: Run Behavior\ReadHtmlCacheBehavior [ RunTime:0.000000s ]
INFO: Run Behavior\CheckLangBehavior [ RunTime:0.000000s ]
INFO: [ app_begin ] --END-- [ RunTime:0.000000s ]
INFO: [ app_end ] --START--
INFO: Run Behavior\ShowPageTraceBehavior [ RunTime:0.000000s ]
INFO: [ app_end ] --END-- [ RunTime:0.000000s ]

[ 2016-05-23T14:48:11+08:00 ] 127.0.0.1 /Admin/Ajax/changeRecords?records=10
INFO: [ app_begin ] --START--
INFO: Run Behavior\ReadHtmlCacheBehavior [ RunTime:0.000000s ]
INFO: Run Behavior\CheckLangBehavior [ RunTime:0.000000s ]
INFO: [ app_begin ] --END-- [ RunTime:0.000000s ]
INFO: [ app_end ] --START--
INFO: Run Behavior\ShowPageTraceBehavior [ RunTime:0.000000s ]
INFO: [ app_end ] --END-- [ RunTime:0.000000s ]

[ 2016-05-23T14:48:20+08:00 ] 127.0.0.1 /Admin/Ajax/categoryAdd?categoryName=%E9%A6%96%E9%A1%B5&isShow=1&isCase=2
INFO: [ app_begin ] --START--
INFO: Run Behavior\ReadHtmlCacheBehavior [ RunTime:0.000000s ]
INFO: Run Behavior\CheckLangBehavior [ RunTime:0.001001s ]
INFO: [ app_begin ] --END-- [ RunTime:0.002001s ]
SQL: SHOW COLUMNS FROM `sucai_category` [ RunTime:0.0030s ]
SQL: INSERT INTO `sucai_category` (`CategoryName`,`IsShowNav`,`isCase`,`time`) VALUES ('首页','1','2','1463986100') [ RunTime:0.0980s ]
INFO: [ app_end ] --START--
INFO: Run Behavior\ShowPageTraceBehavior [ RunTime:0.003000s ]
INFO: [ app_end ] --END-- [ RunTime:0.003000s ]

[ 2016-05-23T14:48:24+08:00 ] 127.0.0.1 /Admin/Ajax/changeRecords?records=10
INFO: [ app_begin ] --START--
INFO: Run Behavior\ReadHtmlCacheBehavior [ RunTime:0.000000s ]
INFO: Run Behavior\CheckLangBehavior [ RunTime:0.000000s ]
INFO: [ app_begin ] --END-- [ RunTime:0.002000s ]
INFO: [ app_end ] --START--
INFO: Run Behavior\ShowPageTraceBehavior [ RunTime:0.001000s ]
INFO: [ app_end ] --END-- [ RunTime:0.001000s ]

[ 2016-05-23T14:48:42+08:00 ] 127.0.0.1 /Admin/Ajax/categoryAdd?categoryName=%E4%B8%9A%E5%8A%A1&isShow=1&isCase=2
INFO: [ app_begin ] --START--
INFO: Run Behavior\ReadHtmlCacheBehavior [ RunTime:0.001001s ]
INFO: Run Behavior\CheckLangBehavior [ RunTime:0.000000s ]
INFO: [ app_begin ] --END-- [ RunTime:0.002001s ]
SQL: SHOW COLUMNS FROM `sucai_category` [ RunTime:0.0060s ]
SQL: INSERT INTO `sucai_category` (`CategoryName`,`IsShowNav`,`isCase`,`time`) VALUES ('业务','1','2','1463986122') [ RunTime:0.0420s ]
INFO: [ app_end ] --START--
INFO: Run Behavior\ShowPageTraceBehavior [ RunTime:0.001000s ]
INFO: [ app_end ] --END-- [ RunTime:0.001000s ]

[ 2016-05-23T14:48:48+08:00 ] 127.0.0.1 /Admin/Ajax/categoryAdd?categoryName=%E6%A1%88%E4%BE%8B&isShow=1&isCase=2
INFO: [ app_begin ] --START--
INFO: Run Behavior\ReadHtmlCacheBehavior [ RunTime:0.000000s ]
INFO: Run Behavior\CheckLangBehavior [ RunTime:0.000000s ]
INFO: [ app_begin ] --END-- [ RunTime:0.002000s ]
SQL: SHOW COLUMNS FROM `sucai_category` [ RunTime:0.0060s ]
SQL: INSERT INTO `sucai_category` (`CategoryName`,`IsShowNav`,`isCase`,`time`) VALUES ('案例','1','2','1463986128') [ RunTime:0.2740s ]
INFO: [ app_end ] --START--
INFO: Run Behavior\ShowPageTraceBehavior [ RunTime:0.001000s ]
INFO: [ app_end ] --END-- [ RunTime:0.001000s ]

[ 2016-05-23T14:48:57+08:00 ] 127.0.0.1 /Admin/Ajax/categoryAdd?categoryName=%E5%AE%A2%E6%88%B7&isShow=1&isCase=2
INFO: [ app_begin ] --START--
INFO: Run Behavior\ReadHtmlCacheBehavior [ RunTime:0.000000s ]
INFO: Run Behavior\CheckLangBehavior [ RunTime:0.000000s ]
INFO: [ app_begin ] --END-- [ RunTime:0.002000s ]
SQL: SHOW COLUMNS FROM `sucai_category` [ RunTime:0.0040s ]
SQL: INSERT INTO `sucai_category` (`CategoryName`,`IsShowNav`,`isCase`,`time`) VALUES ('客户','1','2','1463986137') [ RunTime:0.0420s ]
INFO: [ app_end ] --START--
INFO: Run Behavior\ShowPageTraceBehavior [ RunTime:0.001000s ]
INFO: [ app_end ] --END-- [ RunTime:0.001000s ]

[ 2016-05-23T14:49:08+08:00 ] 127.0.0.1 /Admin/Ajax/categoryAdd?categoryName=%E5%93%81%E8%B4%A8&isShow=1&isCase=2
INFO: [ app_begin ] --START--
INFO: Run Behavior\ReadHtmlCacheBehavior [ RunTime:0.001000s ]
INFO: Run Behavior\CheckLangBehavior [ RunTime:0.001001s ]
INFO: [ app_begin ] --END-- [ RunTime:0.002001s ]
SQL: SHOW COLUMNS FROM `sucai_category` [ RunTime:0.0080s ]
SQL: INSERT INTO `sucai_category` (`CategoryName`,`IsShowNav`,`isCase`,`time`) VALUES ('品质','1','2','1463986148') [ RunTime:0.0290s ]
INFO: [ app_end ] --START--
INFO: Run Behavior\ShowPageTraceBehavior [ RunTime:0.001000s ]
INFO: [ app_end ] --END-- [ RunTime:0.001000s ]

[ 2016-05-23T14:49:17+08:00 ] 127.0.0.1 /Admin/Ajax/categoryAdd?categoryName=%E5%A2%9E%E5%80%BC&isShow=1&isCase=2
INFO: [ app_begin ] --START--
INFO: Run Behavior\ReadHtmlCacheBehavior [ RunTime:0.001000s ]
INFO: Run Behavior\CheckLangBehavior [ RunTime:0.000000s ]
INFO: [ app_begin ] --END-- [ RunTime:0.001000s ]
SQL: SHOW COLUMNS FROM `sucai_category` [ RunTime:0.0040s ]
SQL: INSERT INTO `sucai_category` (`CategoryName`,`IsShowNav`,`isCase`,`time`) VALUES ('增值','1','2','1463986157') [ RunTime:0.0290s ]
INFO: [ app_end ] --START--
INFO: Run Behavior\ShowPageTraceBehavior [ RunTime:0.001000s ]
INFO: [ app_end ] --END-- [ RunTime:0.001000s ]

[ 2016-05-23T14:49:24+08:00 ] 127.0.0.1 /Admin/Ajax/categoryAdd?categoryName=%E5%85%B3%E4%BA%8E&isShow=1&isCase=2
INFO: [ app_begin ] --START--
INFO: Run Behavior\ReadHtmlCacheBehavior [ RunTime:0.002000s ]
INFO: Run Behavior\CheckLangBehavior [ RunTime:0.000000s ]
INFO: [ app_begin ] --END-- [ RunTime:0.005000s ]
SQL: SHOW COLUMNS FROM `sucai_category` [ RunTime:0.0050s ]
SQL: INSERT INTO `sucai_category` (`CategoryName`,`IsShowNav`,`isCase`,`time`) VALUES ('关于','1','2','1463986164') [ RunTime:0.0260s ]
INFO: [ app_end ] --START--
INFO: Run Behavior\ShowPageTraceBehavior [ RunTime:0.001000s ]
INFO: [ app_end ] --END-- [ RunTime:0.001000s ]

[ 2016-05-23T14:49:31+08:00 ] 127.0.0.1 /Admin/Ajax/categoryAdd?categoryName=%E8%81%94%E7%B3%BB&isShow=1&isCase=2
INFO: [ app_begin ] --START--
INFO: Run Behavior\ReadHtmlCacheBehavior [ RunTime:0.001000s ]
INFO: Run Behavior\CheckLangBehavior [ RunTime:0.000000s ]
INFO: [ app_begin ] --END-- [ RunTime:0.003000s ]
SQL: SHOW COLUMNS FROM `sucai_category` [ RunTime:0.0040s ]
SQL: INSERT INTO `sucai_category` (`CategoryName`,`IsShowNav`,`isCase`,`time`) VALUES ('联系','1','2','1463986171') [ RunTime:0.0260s ]
INFO: [ app_end ] --START--
INFO: Run Behavior\ShowPageTraceBehavior [ RunTime:0.001000s ]
INFO: [ app_end ] --END-- [ RunTime:0.001000s ]

[ 2016-05-23T14:49:38+08:00 ] 127.0.0.1 /Admin/Ajax/changeRecords?records=10
INFO: [ app_begin ] --START--
INFO: Run Behavior\ReadHtmlCacheBehavior [ RunTime:0.000000s ]
INFO: Run Behavior\CheckLangBehavior [ RunTime:0.001000s ]
INFO: [ app_begin ] --END-- [ RunTime:0.002000s ]
INFO: [ app_end ] --START--
INFO: Run Behavior\ShowPageTraceBehavior [ RunTime:0.000000s ]
INFO: [ app_end ] --END-- [ RunTime:0.000000s ]

[ 2016-05-23T14:49:46+08:00 ] 127.0.0.1 /Admin/Ajax/changeRecords?records=10
INFO: [ app_begin ] --START--
INFO: Run Behavior\ReadHtmlCacheBehavior [ RunTime:0.001000s ]
INFO: Run Behavior\CheckLangBehavior [ RunTime:0.000000s ]
INFO: [ app_begin ] --END-- [ RunTime:0.001000s ]
INFO: [ app_end ] --START--
INFO: Run Behavior\ShowPageTraceBehavior [ RunTime:0.001000s ]
INFO: [ app_end ] --END-- [ RunTime:0.001000s ]

